<!DOCTYPE html>
<html>
  <head>
    <meta charset="utf-8"/>
    <title>report.html</title>
    <link href="assets/style.css" rel="stylesheet" type="text/css"/></head>
  <body onLoad="init()">
    <script>/* This Source Code Form is subject to the terms of the Mozilla Public
 * License, v. 2.0. If a copy of the MPL was not distributed with this file,
 * You can obtain one at http://mozilla.org/MPL/2.0/. */


function toArray(iter) {
    if (iter === null) {
        return null;
    }
    return Array.prototype.slice.call(iter);
}

function find(selector, elem) { // eslint-disable-line no-redeclare
    if (!elem) {
        elem = document;
    }
    return elem.querySelector(selector);
}

function findAll(selector, elem) {
    if (!elem) {
        elem = document;
    }
    return toArray(elem.querySelectorAll(selector));
}

function sortColumn(elem) {
    toggleSortStates(elem);
    const colIndex = toArray(elem.parentNode.childNodes).indexOf(elem);
    let key;
    if (elem.classList.contains('result')) {
        key = keyResult;
    } else if (elem.classList.contains('links')) {
        key = keyLink;
    } else {
        key = keyAlpha;
    }
    sortTable(elem, key(colIndex));
}

function showAllExtras() { // eslint-disable-line no-unused-vars
    findAll('.col-result').forEach(showExtras);
}

function hideAllExtras() { // eslint-disable-line no-unused-vars
    findAll('.col-result').forEach(hideExtras);
}

function showExtras(colresultElem) {
    const extras = colresultElem.parentNode.nextElementSibling;
    const expandcollapse = colresultElem.firstElementChild;
    extras.classList.remove('collapsed');
    expandcollapse.classList.remove('expander');
    expandcollapse.classList.add('collapser');
}

function hideExtras(colresultElem) {
    const extras = colresultElem.parentNode.nextElementSibling;
    const expandcollapse = colresultElem.firstElementChild;
    extras.classList.add('collapsed');
    expandcollapse.classList.remove('collapser');
    expandcollapse.classList.add('expander');
}

function showFilters() {
    let visibleString = getQueryParameter('visible') || 'all';
    visibleString = visibleString.toLowerCase();
    const checkedItems = visibleString.split(',');

    const filterItems = document.getElementsByClassName('filter');
    for (let i = 0; i < filterItems.length; i++) {
        filterItems[i].hidden = false;

        if (visibleString != 'all') {
            filterItems[i].checked = checkedItems.includes(filterItems[i].getAttribute('data-test-result'));
            filterTable(filterItems[i]);
        }
    }
}

function addCollapse() {
    // Add links for show/hide all
    const resulttable = find('table#results-table');
    const showhideall = document.createElement('p');
    showhideall.innerHTML = '<a href="javascript:showAllExtras()">Show all details</a> / ' +
                            '<a href="javascript:hideAllExtras()">Hide all details</a>';
    resulttable.parentElement.insertBefore(showhideall, resulttable);

    // Add show/hide link to each result
    findAll('.col-result').forEach(function(elem) {
        const collapsed = getQueryParameter('collapsed') || 'Passed';
        const extras = elem.parentNode.nextElementSibling;
        const expandcollapse = document.createElement('span');
        if (extras.classList.contains('collapsed')) {
            expandcollapse.classList.add('expander');
        } else if (collapsed.includes(elem.innerHTML)) {
            extras.classList.add('collapsed');
            expandcollapse.classList.add('expander');
        } else {
            expandcollapse.classList.add('collapser');
        }
        elem.appendChild(expandcollapse);

        elem.addEventListener('click', function(event) {
            if (event.currentTarget.parentNode.nextElementSibling.classList.contains('collapsed')) {
                showExtras(event.currentTarget);
            } else {
                hideExtras(event.currentTarget);
            }
        });
    });
}

function getQueryParameter(name) {
    const match = RegExp('[?&]' + name + '=([^&]*)').exec(window.location.search);
    return match && decodeURIComponent(match[1].replace(/\+/g, ' '));
}

function init () { // eslint-disable-line no-unused-vars
    resetSortHeaders();

    addCollapse();

    showFilters();

    sortColumn(find('.initial-sort'));

    findAll('.sortable').forEach(function(elem) {
        elem.addEventListener('click',
            function() {
                sortColumn(elem);
            }, false);
    });
}

function sortTable(clicked, keyFunc) {
    const rows = findAll('.results-table-row');
    const reversed = !clicked.classList.contains('asc');
    const sortedRows = sort(rows, keyFunc, reversed);
    /* Whole table is removed here because browsers acts much slower
     * when appending existing elements.
     */
    const thead = document.getElementById('results-table-head');
    document.getElementById('results-table').remove();
    const parent = document.createElement('table');
    parent.id = 'results-table';
    parent.appendChild(thead);
    sortedRows.forEach(function(elem) {
        parent.appendChild(elem);
    });
    document.getElementsByTagName('BODY')[0].appendChild(parent);
}

function sort(items, keyFunc, reversed) {
    const sortArray = items.map(function(item, i) {
        return [keyFunc(item), i];
    });

    sortArray.sort(function(a, b) {
        const keyA = a[0];
        const keyB = b[0];

        if (keyA == keyB) return 0;

        if (reversed) {
            return keyA < keyB ? 1 : -1;
        } else {
            return keyA > keyB ? 1 : -1;
        }
    });

    return sortArray.map(function(item) {
        const index = item[1];
        return items[index];
    });
}

function keyAlpha(colIndex) {
    return function(elem) {
        return elem.childNodes[1].childNodes[colIndex].firstChild.data.toLowerCase();
    };
}

function keyLink(colIndex) {
    return function(elem) {
        const dataCell = elem.childNodes[1].childNodes[colIndex].firstChild;
        return dataCell == null ? '' : dataCell.innerText.toLowerCase();
    };
}

function keyResult(colIndex) {
    return function(elem) {
        const strings = ['Error', 'Failed', 'Rerun', 'XFailed', 'XPassed',
            'Skipped', 'Passed'];
        return strings.indexOf(elem.childNodes[1].childNodes[colIndex].firstChild.data);
    };
}

function resetSortHeaders() {
    findAll('.sort-icon').forEach(function(elem) {
        elem.parentNode.removeChild(elem);
    });
    findAll('.sortable').forEach(function(elem) {
        const icon = document.createElement('div');
        icon.className = 'sort-icon';
        icon.textContent = 'vvv';
        elem.insertBefore(icon, elem.firstChild);
        elem.classList.remove('desc', 'active');
        elem.classList.add('asc', 'inactive');
    });
}

function toggleSortStates(elem) {
    //if active, toggle between asc and desc
    if (elem.classList.contains('active')) {
        elem.classList.toggle('asc');
        elem.classList.toggle('desc');
    }

    //if inactive, reset all other functions and add ascending active
    if (elem.classList.contains('inactive')) {
        resetSortHeaders();
        elem.classList.remove('inactive');
        elem.classList.add('active');
    }
}

function isAllRowsHidden(value) {
    return value.hidden == false;
}

function filterTable(elem) { // eslint-disable-line no-unused-vars
    const outcomeAtt = 'data-test-result';
    const outcome = elem.getAttribute(outcomeAtt);
    const classOutcome = outcome + ' results-table-row';
    const outcomeRows = document.getElementsByClassName(classOutcome);

    for(let i = 0; i < outcomeRows.length; i++){
        outcomeRows[i].hidden = !elem.checked;
    }

    const rows = findAll('.results-table-row').filter(isAllRowsHidden);
    const allRowsHidden = rows.length == 0 ? true : false;
    const notFoundMessage = document.getElementById('not-found-message');
    notFoundMessage.hidden = !allRowsHidden;
}
</script>
    <h1>report.html</h1>
    <p>Report generated on 17-Jun-2023 at 12:31:26 by <a href="https://pypi.python.org/pypi/pytest-html">pytest-html</a> v3.2.0</p>
    <h2>Summary</h2>
    <p>5 tests ran in 125.34 seconds. </p>
    <p class="filter" hidden="true">(Un)check the boxes to filter the results.</p><input checked="true" class="filter" data-test-result="passed" hidden="true" name="filter_checkbox" onChange="filterTable(this)" type="checkbox"/><span class="passed">3 passed</span>, <input checked="true" class="filter" data-test-result="skipped" disabled="true" hidden="true" name="filter_checkbox" onChange="filterTable(this)" type="checkbox"/><span class="skipped">0 skipped</span>, <input checked="true" class="filter" data-test-result="failed" hidden="true" name="filter_checkbox" onChange="filterTable(this)" type="checkbox"/><span class="failed">2 failed</span>, <input checked="true" class="filter" data-test-result="error" disabled="true" hidden="true" name="filter_checkbox" onChange="filterTable(this)" type="checkbox"/><span class="error">0 errors</span>, <input checked="true" class="filter" data-test-result="xfailed" disabled="true" hidden="true" name="filter_checkbox" onChange="filterTable(this)" type="checkbox"/><span class="xfailed">0 expected failures</span>, <input checked="true" class="filter" data-test-result="xpassed" disabled="true" hidden="true" name="filter_checkbox" onChange="filterTable(this)" type="checkbox"/><span class="xpassed">0 unexpected passes</span>
    <h2>Results</h2>
    <table id="results-table">
      <thead id="results-table-head">
        <tr>
          <th class="sortable result initial-sort" col="result">Result</th>
          <th class="sortable" col="name">Test</th>
          <th class="sortable" col="duration">Duration</th>
          <th class="sortable links" col="links">Links</th></tr>
        <tr hidden="true" id="not-found-message">
          <th colspan="4">No results found. Try to check the filters</th></tr></thead>
      <tbody class="failed results-table-row">
        <tr>
          <td class="col-result">Failed</td>
          <td class="col-name">testCases/test_Login.py::Test_Url_login::test_login</td>
          <td class="col-duration">43.21</td>
          <td class="col-links"></td></tr>
        <tr>
          <td class="extra" colspan="4">
            <div class="log">[gw0] win32 -- Python 3.11.1 C:\Users\Admin\PycharmProjects\Swag_Labs_Project\venv\Scripts\python.exe<br/>[gw0] win32 -- Python 3.11.1 C:\Users\Admin\PycharmProjects\Swag_Labs_Project\venv\Scripts\python.exe[gw0] win32 -- Python 3.11.1 C:\Users\Admin\PycharmProjects\Swag_Labs_Project\venv\Scripts\python.exe<br/><br/>self = &lt;testCases.test_Login.Test_Url_login object at 0x0000029153F3A050&gt;<br/>setup = &lt;selenium.webdriver.chrome.webdriver.WebDriver (session=&quot;4ead9b27cae6f8ff462e357a5c46fa82&quot;)&gt;<br/><br/>    def test_login(self,setup):<br/>    <br/>        self.driver=setup<br/>        self.driver.get(self.url)<br/>    <br/>        self.lp=Login(self.driver)<br/>    <br/>        self.lp.get_username(self.username)<br/>&gt;       self.log.info(&quot;Entering username-----&gt;&quot;,self.username)<br/><br/>testCases\test_Login.py:21: <br/>_ _ _ _ _ _ _ _ _ _ _ _ _ _ _ _ _ _ _ _ _ _ _ _ _ _ _ _ _ _ _ _ _ _ _ _ _ _ _ _ <br/>C:\Program Files\Python311\Lib\logging\__init__.py:1489: in info<br/>    self._log(INFO, msg, args, **kwargs)<br/>C:\Program Files\Python311\Lib\logging\__init__.py:1634: in _log<br/>    self.handle(record)<br/>C:\Program Files\Python311\Lib\logging\__init__.py:1644: in handle<br/>    self.callHandlers(record)<br/>C:\Program Files\Python311\Lib\logging\__init__.py:1706: in callHandlers<br/>    hdlr.handle(record)<br/>C:\Program Files\Python311\Lib\logging\__init__.py:978: in handle<br/>    self.emit(record)<br/>venv\Lib\site-packages\_pytest\logging.py:350: in emit<br/>    super().emit(record)<br/>C:\Program Files\Python311\Lib\logging\__init__.py:1118: in emit<br/>    self.handleError(record)<br/>C:\Program Files\Python311\Lib\logging\__init__.py:1110: in emit<br/>    msg = self.format(record)<br/>C:\Program Files\Python311\Lib\logging\__init__.py:953: in format<br/>    return fmt.format(record)<br/>venv\Lib\site-packages\_pytest\logging.py:114: in format<br/>    return super().format(record)<br/>C:\Program Files\Python311\Lib\logging\__init__.py:687: in format<br/>    record.message = record.getMessage()<br/>_ _ _ _ _ _ _ _ _ _ _ _ _ _ _ _ _ _ _ _ _ _ _ _ _ _ _ _ _ _ _ _ _ _ _ _ _ _ _ _ <br/><br/>self = &lt;LogRecord: Test_Url_login, 20, C:\Users\Admin\PycharmProjects\Swag_Labs_Project\testCases\test_Login.py, 21, &quot;Entering username-----&gt;&quot;&gt;<br/><br/>    def getMessage(self):<br/>        &quot;&quot;&quot;<br/>        Return the message for this LogRecord.<br/>    <br/>        Return the message for this LogRecord after merging any user-supplied<br/>        arguments with the message.<br/>        &quot;&quot;&quot;<br/>        msg = str(self.msg)<br/>        if self.args:<br/>&gt;           msg = msg % self.args<br/><span class="error">E           TypeError: not all arguments converted during string formatting</span><br/><br/>C:\Program Files\Python311\Lib\logging\__init__.py:377: TypeError[gw0] win32 -- Python 3.11.1 C:\Users\Admin\PycharmProjects\Swag_Labs_Project\venv\Scripts\python.exe<br/> ------------------------------Captured stderr call------------------------------ <br/>--- Logging error ---
Traceback (most recent call last):
  File &quot;C:\Program Files\Python311\Lib\logging\__init__.py&quot;, line 1110, in emit
    msg = self.format(record)
          ^^^^^^^^^^^^^^^^^^^
  File &quot;C:\Program Files\Python311\Lib\logging\__init__.py&quot;, line 953, in format
    return fmt.format(record)
           ^^^^^^^^^^^^^^^^^^
  File &quot;C:\Program Files\Python311\Lib\logging\__init__.py&quot;, line 687, in format
    record.message = record.getMessage()
                     ^^^^^^^^^^^^^^^^^^^
  File &quot;C:\Program Files\Python311\Lib\logging\__init__.py&quot;, line 377, in getMessage
    msg = msg % self.args
          ~~~~^~~~~~~~~~~
TypeError: not all arguments converted during string formatting
Call stack:
  File &quot;&lt;string&gt;&quot;, line 1, in &lt;module&gt;
  File &quot;&lt;string&gt;&quot;, line 8, in &lt;module&gt;
  File &quot;C:\Users\Admin\PycharmProjects\Swag_Labs_Project\venv\Lib\site-packages\execnet\gateway_base.py&quot;, line 1554, in serve
    WorkerGateway(io=io, id=id, _startcount=2).serve()
  File &quot;C:\Users\Admin\PycharmProjects\Swag_Labs_Project\venv\Lib\site-packages\execnet\gateway_base.py&quot;, line 1060, in serve
    self._execpool.integrate_as_primary_thread()
  File &quot;C:\Users\Admin\PycharmProjects\Swag_Labs_Project\venv\Lib\site-packages\execnet\gateway_base.py&quot;, line 267, in integrate_as_primary_thread
    self._perform_spawn(reply)
  File &quot;C:\Users\Admin\PycharmProjects\Swag_Labs_Project\venv\Lib\site-packages\execnet\gateway_base.py&quot;, line 285, in _perform_spawn
    reply.run()
  File &quot;C:\Users\Admin\PycharmProjects\Swag_Labs_Project\venv\Lib\site-packages\execnet\gateway_base.py&quot;, line 220, in run
    self._result = func(*args, **kwargs)
  File &quot;C:\Users\Admin\PycharmProjects\Swag_Labs_Project\venv\Lib\site-packages\execnet\gateway_base.py&quot;, line 1084, in executetask
    do_exec(co, loc)  # noqa
  File &quot;C:\Users\Admin\PycharmProjects\Swag_Labs_Project\venv\Lib\site-packages\xdist\remote.py&quot;, line 355, in &lt;module&gt;
    config.hook.pytest_cmdline_main(config=config)
  File &quot;C:\Users\Admin\PycharmProjects\Swag_Labs_Project\venv\Lib\site-packages\pluggy\_hooks.py&quot;, line 265, in __call__
    return self._hookexec(self.name, self.get_hookimpls(), kwargs, firstresult)
  File &quot;C:\Users\Admin\PycharmProjects\Swag_Labs_Project\venv\Lib\site-packages\pluggy\_manager.py&quot;, line 80, in _hookexec
    return self._inner_hookexec(hook_name, methods, kwargs, firstresult)
  File &quot;C:\Users\Admin\PycharmProjects\Swag_Labs_Project\venv\Lib\site-packages\pluggy\_callers.py&quot;, line 39, in _multicall
    res = hook_impl.function(*args)
  File &quot;C:\Users\Admin\PycharmProjects\Swag_Labs_Project\venv\Lib\site-packages\_pytest\main.py&quot;, line 316, in pytest_cmdline_main
    return wrap_session(config, _main)
  File &quot;C:\Users\Admin\PycharmProjects\Swag_Labs_Project\venv\Lib\site-packages\_pytest\main.py&quot;, line 269, in wrap_session
    session.exitstatus = doit(config, session) or 0
  File &quot;C:\Users\Admin\PycharmProjects\Swag_Labs_Project\venv\Lib\site-packages\_pytest\main.py&quot;, line 323, in _main
    config.hook.pytest_runtestloop(session=session)
  File &quot;C:\Users\Admin\PycharmProjects\Swag_Labs_Project\venv\Lib\site-packages\pluggy\_hooks.py&quot;, line 265, in __call__
    return self._hookexec(self.name, self.get_hookimpls(), kwargs, firstresult)
  File &quot;C:\Users\Admin\PycharmProjects\Swag_Labs_Project\venv\Lib\site-packages\pluggy\_manager.py&quot;, line 80, in _hookexec
    return self._inner_hookexec(hook_name, methods, kwargs, firstresult)
  File &quot;C:\Users\Admin\PycharmProjects\Swag_Labs_Project\venv\Lib\site-packages\pluggy\_callers.py&quot;, line 39, in _multicall
    res = hook_impl.function(*args)
  File &quot;C:\Users\Admin\PycharmProjects\Swag_Labs_Project\venv\Lib\site-packages\xdist\remote.py&quot;, line 157, in pytest_runtestloop
    self.run_one_test()
  File &quot;C:\Users\Admin\PycharmProjects\Swag_Labs_Project\venv\Lib\site-packages\xdist\remote.py&quot;, line 174, in run_one_test
    self.config.hook.pytest_runtest_protocol(item=item, nextitem=nextitem)
  File &quot;C:\Users\Admin\PycharmProjects\Swag_Labs_Project\venv\Lib\site-packages\pluggy\_hooks.py&quot;, line 265, in __call__
    return self._hookexec(self.name, self.get_hookimpls(), kwargs, firstresult)
  File &quot;C:\Users\Admin\PycharmProjects\Swag_Labs_Project\venv\Lib\site-packages\pluggy\_manager.py&quot;, line 80, in _hookexec
    return self._inner_hookexec(hook_name, methods, kwargs, firstresult)
  File &quot;C:\Users\Admin\PycharmProjects\Swag_Labs_Project\venv\Lib\site-packages\pluggy\_callers.py&quot;, line 39, in _multicall
    res = hook_impl.function(*args)
  File &quot;C:\Users\Admin\PycharmProjects\Swag_Labs_Project\venv\Lib\site-packages\_pytest\runner.py&quot;, line 114, in pytest_runtest_protocol
    runtestprotocol(item, nextitem=nextitem)
  File &quot;C:\Users\Admin\PycharmProjects\Swag_Labs_Project\venv\Lib\site-packages\_pytest\runner.py&quot;, line 133, in runtestprotocol
    reports.append(call_and_report(item, &quot;call&quot;, log))
  File &quot;C:\Users\Admin\PycharmProjects\Swag_Labs_Project\venv\Lib\site-packages\_pytest\runner.py&quot;, line 222, in call_and_report
    call = call_runtest_hook(item, when, **kwds)
  File &quot;C:\Users\Admin\PycharmProjects\Swag_Labs_Project\venv\Lib\site-packages\_pytest\runner.py&quot;, line 261, in call_runtest_hook
    return CallInfo.from_call(
  File &quot;C:\Users\Admin\PycharmProjects\Swag_Labs_Project\venv\Lib\site-packages\_pytest\runner.py&quot;, line 341, in from_call
    result: Optional[TResult] = func()
  File &quot;C:\Users\Admin\PycharmProjects\Swag_Labs_Project\venv\Lib\site-packages\_pytest\runner.py&quot;, line 262, in &lt;lambda&gt;
    lambda: ihook(item=item, **kwds), when=when, reraise=reraise
  File &quot;C:\Users\Admin\PycharmProjects\Swag_Labs_Project\venv\Lib\site-packages\pluggy\_hooks.py&quot;, line 265, in __call__
    return self._hookexec(self.name, self.get_hookimpls(), kwargs, firstresult)
  File &quot;C:\Users\Admin\PycharmProjects\Swag_Labs_Project\venv\Lib\site-packages\pluggy\_manager.py&quot;, line 80, in _hookexec
    return self._inner_hookexec(hook_name, methods, kwargs, firstresult)
  File &quot;C:\Users\Admin\PycharmProjects\Swag_Labs_Project\venv\Lib\site-packages\pluggy\_callers.py&quot;, line 39, in _multicall
    res = hook_impl.function(*args)
  File &quot;C:\Users\Admin\PycharmProjects\Swag_Labs_Project\venv\Lib\site-packages\_pytest\runner.py&quot;, line 169, in pytest_runtest_call
    item.runtest()
  File &quot;C:\Users\Admin\PycharmProjects\Swag_Labs_Project\venv\Lib\site-packages\_pytest\python.py&quot;, line 1799, in runtest
    self.ihook.pytest_pyfunc_call(pyfuncitem=self)
  File &quot;C:\Users\Admin\PycharmProjects\Swag_Labs_Project\venv\Lib\site-packages\pluggy\_hooks.py&quot;, line 265, in __call__
    return self._hookexec(self.name, self.get_hookimpls(), kwargs, firstresult)
  File &quot;C:\Users\Admin\PycharmProjects\Swag_Labs_Project\venv\Lib\site-packages\pluggy\_manager.py&quot;, line 80, in _hookexec
    return self._inner_hookexec(hook_name, methods, kwargs, firstresult)
  File &quot;C:\Users\Admin\PycharmProjects\Swag_Labs_Project\venv\Lib\site-packages\pluggy\_callers.py&quot;, line 39, in _multicall
    res = hook_impl.function(*args)
  File &quot;C:\Users\Admin\PycharmProjects\Swag_Labs_Project\venv\Lib\site-packages\_pytest\python.py&quot;, line 194, in pytest_pyfunc_call
    result = testfunction(**testargs)
  File &quot;C:\Users\Admin\PycharmProjects\Swag_Labs_Project\testCases\test_Login.py&quot;, line 21, in test_login
    self.log.info(&quot;Entering username-----&gt;&quot;,self.username)
Message: &#x27;Entering username-----&gt;&#x27;
Arguments: (&#x27;standard_user&#x27;,)
--- Logging error ---
Traceback (most recent call last):
  File &quot;C:\Program Files\Python311\Lib\logging\__init__.py&quot;, line 1110, in emit
    msg = self.format(record)
          ^^^^^^^^^^^^^^^^^^^
  File &quot;C:\Program Files\Python311\Lib\logging\__init__.py&quot;, line 953, in format
    return fmt.format(record)
           ^^^^^^^^^^^^^^^^^^
  File &quot;C:\Program Files\Python311\Lib\logging\__init__.py&quot;, line 687, in format
    record.message = record.getMessage()
                     ^^^^^^^^^^^^^^^^^^^
  File &quot;C:\Program Files\Python311\Lib\logging\__init__.py&quot;, line 377, in getMessage
    msg = msg % self.args
          ~~~~^~~~~~~~~~~
TypeError: not all arguments converted during string formatting
Call stack:
  File &quot;&lt;string&gt;&quot;, line 1, in &lt;module&gt;
  File &quot;&lt;string&gt;&quot;, line 8, in &lt;module&gt;
  File &quot;C:\Users\Admin\PycharmProjects\Swag_Labs_Project\venv\Lib\site-packages\execnet\gateway_base.py&quot;, line 1554, in serve
    WorkerGateway(io=io, id=id, _startcount=2).serve()
  File &quot;C:\Users\Admin\PycharmProjects\Swag_Labs_Project\venv\Lib\site-packages\execnet\gateway_base.py&quot;, line 1060, in serve
    self._execpool.integrate_as_primary_thread()
  File &quot;C:\Users\Admin\PycharmProjects\Swag_Labs_Project\venv\Lib\site-packages\execnet\gateway_base.py&quot;, line 267, in integrate_as_primary_thread
    self._perform_spawn(reply)
  File &quot;C:\Users\Admin\PycharmProjects\Swag_Labs_Project\venv\Lib\site-packages\execnet\gateway_base.py&quot;, line 285, in _perform_spawn
    reply.run()
  File &quot;C:\Users\Admin\PycharmProjects\Swag_Labs_Project\venv\Lib\site-packages\execnet\gateway_base.py&quot;, line 220, in run
    self._result = func(*args, **kwargs)
  File &quot;C:\Users\Admin\PycharmProjects\Swag_Labs_Project\venv\Lib\site-packages\execnet\gateway_base.py&quot;, line 1084, in executetask
    do_exec(co, loc)  # noqa
  File &quot;C:\Users\Admin\PycharmProjects\Swag_Labs_Project\venv\Lib\site-packages\xdist\remote.py&quot;, line 355, in &lt;module&gt;
    config.hook.pytest_cmdline_main(config=config)
  File &quot;C:\Users\Admin\PycharmProjects\Swag_Labs_Project\venv\Lib\site-packages\pluggy\_hooks.py&quot;, line 265, in __call__
    return self._hookexec(self.name, self.get_hookimpls(), kwargs, firstresult)
  File &quot;C:\Users\Admin\PycharmProjects\Swag_Labs_Project\venv\Lib\site-packages\pluggy\_manager.py&quot;, line 80, in _hookexec
    return self._inner_hookexec(hook_name, methods, kwargs, firstresult)
  File &quot;C:\Users\Admin\PycharmProjects\Swag_Labs_Project\venv\Lib\site-packages\pluggy\_callers.py&quot;, line 39, in _multicall
    res = hook_impl.function(*args)
  File &quot;C:\Users\Admin\PycharmProjects\Swag_Labs_Project\venv\Lib\site-packages\_pytest\main.py&quot;, line 316, in pytest_cmdline_main
    return wrap_session(config, _main)
  File &quot;C:\Users\Admin\PycharmProjects\Swag_Labs_Project\venv\Lib\site-packages\_pytest\main.py&quot;, line 269, in wrap_session
    session.exitstatus = doit(config, session) or 0
  File &quot;C:\Users\Admin\PycharmProjects\Swag_Labs_Project\venv\Lib\site-packages\_pytest\main.py&quot;, line 323, in _main
    config.hook.pytest_runtestloop(session=session)
  File &quot;C:\Users\Admin\PycharmProjects\Swag_Labs_Project\venv\Lib\site-packages\pluggy\_hooks.py&quot;, line 265, in __call__
    return self._hookexec(self.name, self.get_hookimpls(), kwargs, firstresult)
  File &quot;C:\Users\Admin\PycharmProjects\Swag_Labs_Project\venv\Lib\site-packages\pluggy\_manager.py&quot;, line 80, in _hookexec
    return self._inner_hookexec(hook_name, methods, kwargs, firstresult)
  File &quot;C:\Users\Admin\PycharmProjects\Swag_Labs_Project\venv\Lib\site-packages\pluggy\_callers.py&quot;, line 39, in _multicall
    res = hook_impl.function(*args)
  File &quot;C:\Users\Admin\PycharmProjects\Swag_Labs_Project\venv\Lib\site-packages\xdist\remote.py&quot;, line 157, in pytest_runtestloop
    self.run_one_test()
  File &quot;C:\Users\Admin\PycharmProjects\Swag_Labs_Project\venv\Lib\site-packages\xdist\remote.py&quot;, line 174, in run_one_test
    self.config.hook.pytest_runtest_protocol(item=item, nextitem=nextitem)
  File &quot;C:\Users\Admin\PycharmProjects\Swag_Labs_Project\venv\Lib\site-packages\pluggy\_hooks.py&quot;, line 265, in __call__
    return self._hookexec(self.name, self.get_hookimpls(), kwargs, firstresult)
  File &quot;C:\Users\Admin\PycharmProjects\Swag_Labs_Project\venv\Lib\site-packages\pluggy\_manager.py&quot;, line 80, in _hookexec
    return self._inner_hookexec(hook_name, methods, kwargs, firstresult)
  File &quot;C:\Users\Admin\PycharmProjects\Swag_Labs_Project\venv\Lib\site-packages\pluggy\_callers.py&quot;, line 39, in _multicall
    res = hook_impl.function(*args)
  File &quot;C:\Users\Admin\PycharmProjects\Swag_Labs_Project\venv\Lib\site-packages\_pytest\runner.py&quot;, line 114, in pytest_runtest_protocol
    runtestprotocol(item, nextitem=nextitem)
  File &quot;C:\Users\Admin\PycharmProjects\Swag_Labs_Project\venv\Lib\site-packages\_pytest\runner.py&quot;, line 133, in runtestprotocol
    reports.append(call_and_report(item, &quot;call&quot;, log))
  File &quot;C:\Users\Admin\PycharmProjects\Swag_Labs_Project\venv\Lib\site-packages\_pytest\runner.py&quot;, line 222, in call_and_report
    call = call_runtest_hook(item, when, **kwds)
  File &quot;C:\Users\Admin\PycharmProjects\Swag_Labs_Project\venv\Lib\site-packages\_pytest\runner.py&quot;, line 261, in call_runtest_hook
    return CallInfo.from_call(
  File &quot;C:\Users\Admin\PycharmProjects\Swag_Labs_Project\venv\Lib\site-packages\_pytest\runner.py&quot;, line 341, in from_call
    result: Optional[TResult] = func()
  File &quot;C:\Users\Admin\PycharmProjects\Swag_Labs_Project\venv\Lib\site-packages\_pytest\runner.py&quot;, line 262, in &lt;lambda&gt;
    lambda: ihook(item=item, **kwds), when=when, reraise=reraise
  File &quot;C:\Users\Admin\PycharmProjects\Swag_Labs_Project\venv\Lib\site-packages\pluggy\_hooks.py&quot;, line 265, in __call__
    return self._hookexec(self.name, self.get_hookimpls(), kwargs, firstresult)
  File &quot;C:\Users\Admin\PycharmProjects\Swag_Labs_Project\venv\Lib\site-packages\pluggy\_manager.py&quot;, line 80, in _hookexec
    return self._inner_hookexec(hook_name, methods, kwargs, firstresult)
  File &quot;C:\Users\Admin\PycharmProjects\Swag_Labs_Project\venv\Lib\site-packages\pluggy\_callers.py&quot;, line 39, in _multicall
    res = hook_impl.function(*args)
  File &quot;C:\Users\Admin\PycharmProjects\Swag_Labs_Project\venv\Lib\site-packages\_pytest\runner.py&quot;, line 169, in pytest_runtest_call
    item.runtest()
  File &quot;C:\Users\Admin\PycharmProjects\Swag_Labs_Project\venv\Lib\site-packages\_pytest\python.py&quot;, line 1799, in runtest
    self.ihook.pytest_pyfunc_call(pyfuncitem=self)
  File &quot;C:\Users\Admin\PycharmProjects\Swag_Labs_Project\venv\Lib\site-packages\pluggy\_hooks.py&quot;, line 265, in __call__
    return self._hookexec(self.name, self.get_hookimpls(), kwargs, firstresult)
  File &quot;C:\Users\Admin\PycharmProjects\Swag_Labs_Project\venv\Lib\site-packages\pluggy\_manager.py&quot;, line 80, in _hookexec
    return self._inner_hookexec(hook_name, methods, kwargs, firstresult)
  File &quot;C:\Users\Admin\PycharmProjects\Swag_Labs_Project\venv\Lib\site-packages\pluggy\_callers.py&quot;, line 39, in _multicall
    res = hook_impl.function(*args)
  File &quot;C:\Users\Admin\PycharmProjects\Swag_Labs_Project\venv\Lib\site-packages\_pytest\python.py&quot;, line 194, in pytest_pyfunc_call
    result = testfunction(**testargs)
  File &quot;C:\Users\Admin\PycharmProjects\Swag_Labs_Project\testCases\test_Login.py&quot;, line 21, in test_login
    self.log.info(&quot;Entering username-----&gt;&quot;,self.username)
Message: &#x27;Entering username-----&gt;&#x27;
Arguments: (&#x27;standard_user&#x27;,)
<br/></div></td></tr></tbody>
      <tbody class="failed results-table-row">
        <tr>
          <td class="col-result">Failed</td>
          <td class="col-name">testCases/test_login_param.py::Test_Url_login::test_login[getDataForLogin1]</td>
          <td class="col-duration">101.39</td>
          <td class="col-links"></td></tr>
        <tr>
          <td class="extra" colspan="4">
            <div class="log">[gw2] win32 -- Python 3.11.1 C:\Users\Admin\PycharmProjects\Swag_Labs_Project\venv\Scripts\python.exe<br/>[gw2] win32 -- Python 3.11.1 C:\Users\Admin\PycharmProjects\Swag_Labs_Project\venv\Scripts\python.exe[gw2] win32 -- Python 3.11.1 C:\Users\Admin\PycharmProjects\Swag_Labs_Project\venv\Scripts\python.exe<br/><br/>self = &lt;testCases.test_login_param.Test_Url_login object at 0x000001DA827448D0&gt;<br/>setup = &lt;selenium.webdriver.chrome.webdriver.WebDriver (session=&quot;3cc8c33a7cb02712230980b3af51ebcf&quot;)&gt;<br/>getDataForLogin = (&#x27;locked_out_user&#x27;, &#x27;secret_sauce&#x27;)<br/><br/>    def test_login(self,setup,getDataForLogin):<br/>    <br/>        self.driver=setup<br/>        self.driver.get(self.url)<br/>    <br/>        self.lp=Login(self.driver)<br/>    <br/>        self.lp.get_username(getDataForLogin[0])<br/>        self.log.info(&quot;Entering username&quot;)<br/>        self.lp.get_password(getDataForLogin[1])<br/>        self.log.info(&quot;Entering password&quot;)<br/>        self.lp.click_on_login()<br/>        self.driver.save_screenshot(&#x27;C:\\Users\\Admin\\PycharmProjects\\Swag_Labs_Project\\Screenshot\\login_succesfull.png&#x27;)<br/>    <br/>        self.log.info(&quot;click on log in button&quot;)<br/>&gt;       self.lp.click_on_menu()<br/><br/>testCases\test_login_param.py:26: <br/>_ _ _ _ _ _ _ _ _ _ _ _ _ _ _ _ _ _ _ _ _ _ _ _ _ _ _ _ _ _ _ _ _ _ _ _ _ _ _ _ <br/>PageObject\LoginPage.py:31: in click_on_menu<br/>    self.wait.until(expected_conditions.element_to_be_clickable(self.menu_button_id))<br/>_ _ _ _ _ _ _ _ _ _ _ _ _ _ _ _ _ _ _ _ _ _ _ _ _ _ _ _ _ _ _ _ _ _ _ _ _ _ _ _ <br/><br/>self = &lt;selenium.webdriver.support.wait.WebDriverWait (session=&quot;3cc8c33a7cb02712230980b3af51ebcf&quot;)&gt;<br/>method = &lt;function element_to_be_clickable.&lt;locals&gt;._predicate at 0x000001DA827682C0&gt;, message = &#x27;&#x27;<br/><br/>    def until(self, method, message: str = &quot;&quot;):<br/>        &quot;&quot;&quot;Calls the method provided with the driver as an argument until the \<br/>        return value does not evaluate to ``False``.<br/>    <br/>        :param method: callable(WebDriver)<br/>        :param message: optional message for :exc:`TimeoutException`<br/>        :returns: the result of the last call to `method`<br/>        :raises: :exc:`selenium.common.exceptions.TimeoutException` if timeout occurs<br/>        &quot;&quot;&quot;<br/>        screen = None<br/>        stacktrace = None<br/>    <br/>        end_time = time.monotonic() + self._timeout<br/>        while True:<br/>            try:<br/>                value = method(self._driver)<br/>                if value:<br/>                    return value<br/>            except self._ignored_exceptions as exc:<br/>                screen = getattr(exc, &quot;screen&quot;, None)<br/>                stacktrace = getattr(exc, &quot;stacktrace&quot;, None)<br/>            time.sleep(self._poll)<br/>            if time.monotonic() &gt; end_time:<br/>                break<br/>&gt;       raise TimeoutException(message, screen, stacktrace)<br/><span class="error">E       selenium.common.exceptions.TimeoutException: Message: </span><br/><span class="error">E       Stacktrace:</span><br/><span class="error">E       Backtrace:</span><br/><span class="error">E       	GetHandleVerifier [0x0115A813+48355]</span><br/><span class="error">E       	(No symbol) [0x010EC4B1]</span><br/><span class="error">E       	(No symbol) [0x00FF5358]</span><br/><span class="error">E       	(No symbol) [0x010209A5]</span><br/><span class="error">E       	(No symbol) [0x01020B3B]</span><br/><span class="error">E       	(No symbol) [0x0104E232]</span><br/><span class="error">E       	(No symbol) [0x0103A784]</span><br/><span class="error">E       	(No symbol) [0x0104C922]</span><br/><span class="error">E       	(No symbol) [0x0103A536]</span><br/><span class="error">E       	(No symbol) [0x010182DC]</span><br/><span class="error">E       	(No symbol) [0x010193DD]</span><br/><span class="error">E       	GetHandleVerifier [0x013BAABD+2539405]</span><br/><span class="error">E       	GetHandleVerifier [0x013FA78F+2800735]</span><br/><span class="error">E       	GetHandleVerifier [0x013F456C+2775612]</span><br/><span class="error">E       	GetHandleVerifier [0x011E51E0+616112]</span><br/><span class="error">E       	(No symbol) [0x010F5F8C]</span><br/><span class="error">E       	(No symbol) [0x010F2328]</span><br/><span class="error">E       	(No symbol) [0x010F240B]</span><br/><span class="error">E       	(No symbol) [0x010E4FF7]</span><br/><span class="error">E       	BaseThreadInitThunk [0x766F00F9+25]</span><br/><span class="error">E       	RtlGetAppContainerNamedObjectPath [0x77487BBE+286]</span><br/><span class="error">E       	RtlGetAppContainerNamedObjectPath [0x77487B8E+238]</span><br/><br/>venv\Lib\site-packages\selenium\webdriver\support\wait.py:95: TimeoutException[gw2] win32 -- Python 3.11.1 C:\Users\Admin\PycharmProjects\Swag_Labs_Project\venv\Scripts\python.exe<br/> -------------------------------Captured log call-------------------------------- <br/>INFO     Test_Url_login:test_login_param.py:19 Entering username
INFO     Test_Url_login:test_login_param.py:21 Entering password
INFO     Test_Url_login:test_login_param.py:25 click on log in button<br/></div></td></tr></tbody>
      <tbody class="passed results-table-row">
        <tr>
          <td class="col-result">Passed</td>
          <td class="col-name">testCases/test_login_param.py::Test_Url_login::test_login[getDataForLogin2]</td>
          <td class="col-duration">21.67</td>
          <td class="col-links"></td></tr>
        <tr>
          <td class="extra" colspan="4">
            <div class="log">[gw3] win32 -- Python 3.11.1 C:\Users\Admin\PycharmProjects\Swag_Labs_Project\venv\Scripts\python.exe<br/>[gw3] win32 -- Python 3.11.1 C:\Users\Admin\PycharmProjects\Swag_Labs_Project\venv\Scripts\python.exe[gw3] win32 -- Python 3.11.1 C:\Users\Admin\PycharmProjects\Swag_Labs_Project\venv\Scripts\python.exe[gw3] win32 -- Python 3.11.1 C:\Users\Admin\PycharmProjects\Swag_Labs_Project\venv\Scripts\python.exe<br/> -------------------------------Captured log call-------------------------------- <br/>INFO     Test_Url_login:test_login_param.py:19 Entering username
INFO     Test_Url_login:test_login_param.py:21 Entering password
INFO     Test_Url_login:test_login_param.py:25 click on log in button
INFO     Test_Url_login:test_login_param.py:29 click on logout button<br/></div></td></tr></tbody>
      <tbody class="passed results-table-row">
        <tr>
          <td class="col-result">Passed</td>
          <td class="col-name">testCases/test_login_param.py::Test_Url_login::test_login[getDataForLogin0]</td>
          <td class="col-duration">27.49</td>
          <td class="col-links"></td></tr>
        <tr>
          <td class="extra" colspan="4">
            <div class="log">[gw1] win32 -- Python 3.11.1 C:\Users\Admin\PycharmProjects\Swag_Labs_Project\venv\Scripts\python.exe<br/>[gw1] win32 -- Python 3.11.1 C:\Users\Admin\PycharmProjects\Swag_Labs_Project\venv\Scripts\python.exe[gw1] win32 -- Python 3.11.1 C:\Users\Admin\PycharmProjects\Swag_Labs_Project\venv\Scripts\python.exe[gw1] win32 -- Python 3.11.1 C:\Users\Admin\PycharmProjects\Swag_Labs_Project\venv\Scripts\python.exe<br/> -------------------------------Captured log call-------------------------------- <br/>INFO     Test_Url_login:test_login_param.py:19 Entering username
INFO     Test_Url_login:test_login_param.py:21 Entering password
INFO     Test_Url_login:test_login_param.py:25 click on log in button
INFO     Test_Url_login:test_login_param.py:29 click on logout button<br/></div></td></tr></tbody>
      <tbody class="passed results-table-row">
        <tr>
          <td class="col-result">Passed</td>
          <td class="col-name">testCases/test_login_param.py::Test_Url_login::test_login[getDataForLogin3]</td>
          <td class="col-duration">119.76</td>
          <td class="col-links"></td></tr>
        <tr>
          <td class="extra" colspan="4">
            <div class="log">[gw4] win32 -- Python 3.11.1 C:\Users\Admin\PycharmProjects\Swag_Labs_Project\venv\Scripts\python.exe<br/>[gw4] win32 -- Python 3.11.1 C:\Users\Admin\PycharmProjects\Swag_Labs_Project\venv\Scripts\python.exe[gw4] win32 -- Python 3.11.1 C:\Users\Admin\PycharmProjects\Swag_Labs_Project\venv\Scripts\python.exe[gw4] win32 -- Python 3.11.1 C:\Users\Admin\PycharmProjects\Swag_Labs_Project\venv\Scripts\python.exe<br/> -------------------------------Captured log call-------------------------------- <br/>INFO     Test_Url_login:test_login_param.py:19 Entering username
INFO     Test_Url_login:test_login_param.py:21 Entering password
INFO     Test_Url_login:test_login_param.py:25 click on log in button
INFO     Test_Url_login:test_login_param.py:29 click on logout button<br/></div></td></tr></tbody></table></body></html>